2024-11-22T05:47:59.456Z [INFO] - Request: GET /api/t
2024-11-23T06:39:35.913Z [ERROR] - PayloadTooLargeError: request entity too large
    at readStream (C:\xampp\htdocs\DOANNHOM1\serverjs\node_modules\raw-body\index.js:163:17)
    at getRawBody (C:\xampp\htdocs\DOANNHOM1\serverjs\node_modules\raw-body\index.js:116:12)
    at read (C:\xampp\htdocs\DOANNHOM1\serverjs\node_modules\body-parser\lib\read.js:79:3)
    at jsonParser (C:\xampp\htdocs\DOANNHOM1\serverjs\node_modules\body-parser\lib\types\json.js:138:5)
    at Layer.handle [as handle_request] (C:\xampp\htdocs\DOANNHOM1\serverjs\node_modules\express\lib\router\layer.js:95:5)
    at trim_prefix (C:\xampp\htdocs\DOANNHOM1\serverjs\node_modules\express\lib\router\index.js:328:13)
    at C:\xampp\htdocs\DOANNHOM1\serverjs\node_modules\express\lib\router\index.js:286:9
    at Function.process_params (C:\xampp\htdocs\DOANNHOM1\serverjs\node_modules\express\lib\router\index.js:346:12)
    at next (C:\xampp\htdocs\DOANNHOM1\serverjs\node_modules\express\lib\router\index.js:280:10)
    at cors (C:\xampp\htdocs\DOANNHOM1\serverjs\node_modules\cors\lib\index.js:188:7)
2024-11-23T07:09:28.672Z [ERROR] - PayloadTooLargeError: request entity too large
    at readStream (C:\xampp\htdocs\DOANNHOM1\serverjs\node_modules\raw-body\index.js:163:17)
    at getRawBody (C:\xampp\htdocs\DOANNHOM1\serverjs\node_modules\raw-body\index.js:116:12)
    at read (C:\xampp\htdocs\DOANNHOM1\serverjs\node_modules\body-parser\lib\read.js:79:3)
    at jsonParser (C:\xampp\htdocs\DOANNHOM1\serverjs\node_modules\body-parser\lib\types\json.js:138:5)
    at Layer.handle [as handle_request] (C:\xampp\htdocs\DOANNHOM1\serverjs\node_modules\express\lib\router\layer.js:95:5)
    at trim_prefix (C:\xampp\htdocs\DOANNHOM1\serverjs\node_modules\express\lib\router\index.js:328:13)
    at C:\xampp\htdocs\DOANNHOM1\serverjs\node_modules\express\lib\router\index.js:286:9
    at Function.process_params (C:\xampp\htdocs\DOANNHOM1\serverjs\node_modules\express\lib\router\index.js:346:12)
    at next (C:\xampp\htdocs\DOANNHOM1\serverjs\node_modules\express\lib\router\index.js:280:10)
    at cors (C:\xampp\htdocs\DOANNHOM1\serverjs\node_modules\cors\lib\index.js:188:7)
2024-11-23T12:27:27.636Z [ERROR] - PayloadTooLargeError: request entity too large
    at readStream (C:\xampp\htdocs\DOANNHOM1\serverjs\node_modules\raw-body\index.js:163:17)
    at getRawBody (C:\xampp\htdocs\DOANNHOM1\serverjs\node_modules\raw-body\index.js:116:12)
    at read (C:\xampp\htdocs\DOANNHOM1\serverjs\node_modules\body-parser\lib\read.js:79:3)
    at jsonParser (C:\xampp\htdocs\DOANNHOM1\serverjs\node_modules\body-parser\lib\types\json.js:138:5)
    at Layer.handle [as handle_request] (C:\xampp\htdocs\DOANNHOM1\serverjs\node_modules\express\lib\router\layer.js:95:5)
    at trim_prefix (C:\xampp\htdocs\DOANNHOM1\serverjs\node_modules\express\lib\router\index.js:328:13)
    at C:\xampp\htdocs\DOANNHOM1\serverjs\node_modules\express\lib\router\index.js:286:9
    at Function.process_params (C:\xampp\htdocs\DOANNHOM1\serverjs\node_modules\express\lib\router\index.js:346:12)
    at next (C:\xampp\htdocs\DOANNHOM1\serverjs\node_modules\express\lib\router\index.js:280:10)
    at cors (C:\xampp\htdocs\DOANNHOM1\serverjs\node_modules\cors\lib\index.js:188:7)
2024-11-23T12:28:34.606Z [ERROR] - PayloadTooLargeError: request entity too large
    at readStream (C:\xampp\htdocs\DOANNHOM1\serverjs\node_modules\raw-body\index.js:163:17)
    at getRawBody (C:\xampp\htdocs\DOANNHOM1\serverjs\node_modules\raw-body\index.js:116:12)
    at read (C:\xampp\htdocs\DOANNHOM1\serverjs\node_modules\body-parser\lib\read.js:79:3)
    at jsonParser (C:\xampp\htdocs\DOANNHOM1\serverjs\node_modules\body-parser\lib\types\json.js:138:5)
    at Layer.handle [as handle_request] (C:\xampp\htdocs\DOANNHOM1\serverjs\node_modules\express\lib\router\layer.js:95:5)
    at trim_prefix (C:\xampp\htdocs\DOANNHOM1\serverjs\node_modules\express\lib\router\index.js:328:13)
    at C:\xampp\htdocs\DOANNHOM1\serverjs\node_modules\express\lib\router\index.js:286:9
    at Function.process_params (C:\xampp\htdocs\DOANNHOM1\serverjs\node_modules\express\lib\router\index.js:346:12)
    at next (C:\xampp\htdocs\DOANNHOM1\serverjs\node_modules\express\lib\router\index.js:280:10)
    at cors (C:\xampp\htdocs\DOANNHOM1\serverjs\node_modules\cors\lib\index.js:188:7)
2024-11-23T12:31:40.451Z [ERROR] - PayloadTooLargeError: request entity too large
    at readStream (C:\xampp\htdocs\DOANNHOM1\serverjs\node_modules\raw-body\index.js:163:17)
    at getRawBody (C:\xampp\htdocs\DOANNHOM1\serverjs\node_modules\raw-body\index.js:116:12)
    at read (C:\xampp\htdocs\DOANNHOM1\serverjs\node_modules\body-parser\lib\read.js:79:3)
    at jsonParser (C:\xampp\htdocs\DOANNHOM1\serverjs\node_modules\body-parser\lib\types\json.js:138:5)
    at Layer.handle [as handle_request] (C:\xampp\htdocs\DOANNHOM1\serverjs\node_modules\express\lib\router\layer.js:95:5)
    at trim_prefix (C:\xampp\htdocs\DOANNHOM1\serverjs\node_modules\express\lib\router\index.js:328:13)
    at C:\xampp\htdocs\DOANNHOM1\serverjs\node_modules\express\lib\router\index.js:286:9
    at Function.process_params (C:\xampp\htdocs\DOANNHOM1\serverjs\node_modules\express\lib\router\index.js:346:12)
    at next (C:\xampp\htdocs\DOANNHOM1\serverjs\node_modules\express\lib\router\index.js:280:10)
    at cors (C:\xampp\htdocs\DOANNHOM1\serverjs\node_modules\cors\lib\index.js:188:7)
2024-11-23T12:38:37.597Z [ERROR] - PayloadTooLargeError: request entity too large
    at readStream (C:\xampp\htdocs\DOANNHOM1\serverjs\node_modules\raw-body\index.js:163:17)
    at getRawBody (C:\xampp\htdocs\DOANNHOM1\serverjs\node_modules\raw-body\index.js:116:12)
    at read (C:\xampp\htdocs\DOANNHOM1\serverjs\node_modules\body-parser\lib\read.js:79:3)
    at jsonParser (C:\xampp\htdocs\DOANNHOM1\serverjs\node_modules\body-parser\lib\types\json.js:138:5)
    at Layer.handle [as handle_request] (C:\xampp\htdocs\DOANNHOM1\serverjs\node_modules\express\lib\router\layer.js:95:5)
    at trim_prefix (C:\xampp\htdocs\DOANNHOM1\serverjs\node_modules\express\lib\router\index.js:328:13)
    at C:\xampp\htdocs\DOANNHOM1\serverjs\node_modules\express\lib\router\index.js:286:9
    at Function.process_params (C:\xampp\htdocs\DOANNHOM1\serverjs\node_modules\express\lib\router\index.js:346:12)
    at next (C:\xampp\htdocs\DOANNHOM1\serverjs\node_modules\express\lib\router\index.js:280:10)
    at cors (C:\xampp\htdocs\DOANNHOM1\serverjs\node_modules\cors\lib\index.js:188:7)
2024-11-23T13:05:32.352Z [ERROR] - PayloadTooLargeError: request entity too large
    at readStream (C:\xampp\htdocs\DOANNHOM1\serverjs\node_modules\raw-body\index.js:163:17)
    at getRawBody (C:\xampp\htdocs\DOANNHOM1\serverjs\node_modules\raw-body\index.js:116:12)
    at read (C:\xampp\htdocs\DOANNHOM1\serverjs\node_modules\body-parser\lib\read.js:79:3)
    at jsonParser (C:\xampp\htdocs\DOANNHOM1\serverjs\node_modules\body-parser\lib\types\json.js:138:5)
    at Layer.handle [as handle_request] (C:\xampp\htdocs\DOANNHOM1\serverjs\node_modules\express\lib\router\layer.js:95:5)
    at trim_prefix (C:\xampp\htdocs\DOANNHOM1\serverjs\node_modules\express\lib\router\index.js:328:13)
    at C:\xampp\htdocs\DOANNHOM1\serverjs\node_modules\express\lib\router\index.js:286:9
    at Function.process_params (C:\xampp\htdocs\DOANNHOM1\serverjs\node_modules\express\lib\router\index.js:346:12)
    at next (C:\xampp\htdocs\DOANNHOM1\serverjs\node_modules\express\lib\router\index.js:280:10)
    at cors (C:\xampp\htdocs\DOANNHOM1\serverjs\node_modules\cors\lib\index.js:188:7)
2024-11-24T00:28:58.304Z [ERROR] - PayloadTooLargeError: request entity too large
    at readStream (C:\xampp\htdocs\DOANNHOM1\serverjs\node_modules\raw-body\index.js:163:17)
    at getRawBody (C:\xampp\htdocs\DOANNHOM1\serverjs\node_modules\raw-body\index.js:116:12)
    at read (C:\xampp\htdocs\DOANNHOM1\serverjs\node_modules\body-parser\lib\read.js:79:3)
    at jsonParser (C:\xampp\htdocs\DOANNHOM1\serverjs\node_modules\body-parser\lib\types\json.js:138:5)
    at Layer.handle [as handle_request] (C:\xampp\htdocs\DOANNHOM1\serverjs\node_modules\express\lib\router\layer.js:95:5)
    at trim_prefix (C:\xampp\htdocs\DOANNHOM1\serverjs\node_modules\express\lib\router\index.js:328:13)
    at C:\xampp\htdocs\DOANNHOM1\serverjs\node_modules\express\lib\router\index.js:286:9
    at Function.process_params (C:\xampp\htdocs\DOANNHOM1\serverjs\node_modules\express\lib\router\index.js:346:12)
    at next (C:\xampp\htdocs\DOANNHOM1\serverjs\node_modules\express\lib\router\index.js:280:10)
    at cors (C:\xampp\htdocs\DOANNHOM1\serverjs\node_modules\cors\lib\index.js:188:7)
2024-11-24T00:33:31.754Z [ERROR] - PayloadTooLargeError: request entity too large
    at readStream (C:\xampp\htdocs\DOANNHOM1\serverjs\node_modules\raw-body\index.js:163:17)
    at getRawBody (C:\xampp\htdocs\DOANNHOM1\serverjs\node_modules\raw-body\index.js:116:12)
    at read (C:\xampp\htdocs\DOANNHOM1\serverjs\node_modules\body-parser\lib\read.js:79:3)
    at jsonParser (C:\xampp\htdocs\DOANNHOM1\serverjs\node_modules\body-parser\lib\types\json.js:138:5)
    at Layer.handle [as handle_request] (C:\xampp\htdocs\DOANNHOM1\serverjs\node_modules\express\lib\router\layer.js:95:5)
    at trim_prefix (C:\xampp\htdocs\DOANNHOM1\serverjs\node_modules\express\lib\router\index.js:328:13)
    at C:\xampp\htdocs\DOANNHOM1\serverjs\node_modules\express\lib\router\index.js:286:9
    at Function.process_params (C:\xampp\htdocs\DOANNHOM1\serverjs\node_modules\express\lib\router\index.js:346:12)
    at next (C:\xampp\htdocs\DOANNHOM1\serverjs\node_modules\express\lib\router\index.js:280:10)
    at cors (C:\xampp\htdocs\DOANNHOM1\serverjs\node_modules\cors\lib\index.js:188:7)
2024-11-25T00:03:50.778Z [ERROR] - MongoServerSelectionError: getaddrinfo ENOTFOUND rentalsystem-shard-00-00.fkkfm.mongodb.net
    at Topology.selectServer (C:\xampp\htdocs\DOANNHOM1\serverjs\node_modules\mongodb\lib\sdam\topology.js:303:38)
    at async tryOperation (C:\xampp\htdocs\DOANNHOM1\serverjs\node_modules\mongodb\lib\operations\execute_operation.js:138:18)
    at async executeOperation (C:\xampp\htdocs\DOANNHOM1\serverjs\node_modules\mongodb\lib\operations\execute_operation.js:69:16)
    at async FindCursor._initialize (C:\xampp\htdocs\DOANNHOM1\serverjs\node_modules\mongodb\lib\cursor\find_cursor.js:51:26)
    at async FindCursor.cursorInit (C:\xampp\htdocs\DOANNHOM1\serverjs\node_modules\mongodb\lib\cursor\abstract_cursor.js:495:27)
    at async FindCursor.fetchBatch (C:\xampp\htdocs\DOANNHOM1\serverjs\node_modules\mongodb\lib\cursor\abstract_cursor.js:527:13)
    at async FindCursor.next (C:\xampp\htdocs\DOANNHOM1\serverjs\node_modules\mongodb\lib\cursor\abstract_cursor.js:239:13)
    at async Collection.findOne (C:\xampp\htdocs\DOANNHOM1\serverjs\node_modules\mongodb\lib\collection.js:274:21)
    at async model.Query._findOne (C:\xampp\htdocs\DOANNHOM1\serverjs\node_modules\mongoose\lib\query.js:2639:15)
    at async model.Query.exec (C:\xampp\htdocs\DOANNHOM1\serverjs\node_modules\mongoose\lib\query.js:4449:63)
2024-11-25T01:04:14.198Z [ERROR] - MulterError: Unexpected field
    at wrappedFileFilter (C:\xampp\htdocs\DOANNHOM1\serverjs\node_modules\multer\index.js:40:19)
    at Multipart.<anonymous> (C:\xampp\htdocs\DOANNHOM1\serverjs\node_modules\multer\lib\make-middleware.js:107:7)
    at Multipart.emit (node:events:518:28)
    at HeaderParser.cb (C:\xampp\htdocs\DOANNHOM1\serverjs\node_modules\busboy\lib\types\multipart.js:358:14)
    at HeaderParser.push (C:\xampp\htdocs\DOANNHOM1\serverjs\node_modules\busboy\lib\types\multipart.js:162:20)
    at SBMH.ssCb [as _cb] (C:\xampp\htdocs\DOANNHOM1\serverjs\node_modules\busboy\lib\types\multipart.js:394:37)
    at feed (C:\xampp\htdocs\DOANNHOM1\serverjs\node_modules\streamsearch\lib\sbmh.js:248:10)
    at SBMH.push (C:\xampp\htdocs\DOANNHOM1\serverjs\node_modules\streamsearch\lib\sbmh.js:104:16)
    at Multipart._write (C:\xampp\htdocs\DOANNHOM1\serverjs\node_modules\busboy\lib\types\multipart.js:567:19)
    at writeOrBuffer (node:internal/streams/writable:564:12)
2024-11-25T01:06:34.346Z [ERROR] - MulterError: Unexpected field
    at wrappedFileFilter (C:\xampp\htdocs\DOANNHOM1\serverjs\node_modules\multer\index.js:40:19)
    at Multipart.<anonymous> (C:\xampp\htdocs\DOANNHOM1\serverjs\node_modules\multer\lib\make-middleware.js:107:7)
    at Multipart.emit (node:events:518:28)
    at HeaderParser.cb (C:\xampp\htdocs\DOANNHOM1\serverjs\node_modules\busboy\lib\types\multipart.js:358:14)
    at HeaderParser.push (C:\xampp\htdocs\DOANNHOM1\serverjs\node_modules\busboy\lib\types\multipart.js:162:20)
    at SBMH.ssCb [as _cb] (C:\xampp\htdocs\DOANNHOM1\serverjs\node_modules\busboy\lib\types\multipart.js:394:37)
    at feed (C:\xampp\htdocs\DOANNHOM1\serverjs\node_modules\streamsearch\lib\sbmh.js:248:10)
    at SBMH.push (C:\xampp\htdocs\DOANNHOM1\serverjs\node_modules\streamsearch\lib\sbmh.js:104:16)
    at Multipart._write (C:\xampp\htdocs\DOANNHOM1\serverjs\node_modules\busboy\lib\types\multipart.js:567:19)
    at writeOrBuffer (node:internal/streams/writable:564:12)
2024-11-25T01:09:23.836Z [ERROR] - MulterError: Unexpected field
    at wrappedFileFilter (C:\xampp\htdocs\DOANNHOM1\serverjs\node_modules\multer\index.js:40:19)
    at Multipart.<anonymous> (C:\xampp\htdocs\DOANNHOM1\serverjs\node_modules\multer\lib\make-middleware.js:107:7)
    at Multipart.emit (node:events:518:28)
    at HeaderParser.cb (C:\xampp\htdocs\DOANNHOM1\serverjs\node_modules\busboy\lib\types\multipart.js:358:14)
    at HeaderParser.push (C:\xampp\htdocs\DOANNHOM1\serverjs\node_modules\busboy\lib\types\multipart.js:162:20)
    at SBMH.ssCb [as _cb] (C:\xampp\htdocs\DOANNHOM1\serverjs\node_modules\busboy\lib\types\multipart.js:394:37)
    at feed (C:\xampp\htdocs\DOANNHOM1\serverjs\node_modules\streamsearch\lib\sbmh.js:248:10)
    at SBMH.push (C:\xampp\htdocs\DOANNHOM1\serverjs\node_modules\streamsearch\lib\sbmh.js:104:16)
    at Multipart._write (C:\xampp\htdocs\DOANNHOM1\serverjs\node_modules\busboy\lib\types\multipart.js:567:19)
    at writeOrBuffer (node:internal/streams/writable:564:12)
