{"level":"error"}
{"level":"error"}
{"level":"error"}
{"level":"error"}
{"level":"error"}
{"level":"error"}
{"level":"error"}
{"level":"error"}
{"level":"error"}
{"level":"error"}
{"level":"error"}
{"level":"error"}
{"level":"error"}
{"level":"error"}
{"level":"error"}
{"level":"error"}
2024-11-23T06:39:35.913Z [ERROR] - PayloadTooLargeError: request entity too large
    at readStream (C:\xampp\htdocs\DOANNHOM1\serverjs\node_modules\raw-body\index.js:163:17)
    at getRawBody (C:\xampp\htdocs\DOANNHOM1\serverjs\node_modules\raw-body\index.js:116:12)
    at read (C:\xampp\htdocs\DOANNHOM1\serverjs\node_modules\body-parser\lib\read.js:79:3)
    at jsonParser (C:\xampp\htdocs\DOANNHOM1\serverjs\node_modules\body-parser\lib\types\json.js:138:5)
    at Layer.handle [as handle_request] (C:\xampp\htdocs\DOANNHOM1\serverjs\node_modules\express\lib\router\layer.js:95:5)
    at trim_prefix (C:\xampp\htdocs\DOANNHOM1\serverjs\node_modules\express\lib\router\index.js:328:13)
    at C:\xampp\htdocs\DOANNHOM1\serverjs\node_modules\express\lib\router\index.js:286:9
    at Function.process_params (C:\xampp\htdocs\DOANNHOM1\serverjs\node_modules\express\lib\router\index.js:346:12)
    at next (C:\xampp\htdocs\DOANNHOM1\serverjs\node_modules\express\lib\router\index.js:280:10)
    at cors (C:\xampp\htdocs\DOANNHOM1\serverjs\node_modules\cors\lib\index.js:188:7)
2024-11-23T07:09:28.672Z [ERROR] - PayloadTooLargeError: request entity too large
    at readStream (C:\xampp\htdocs\DOANNHOM1\serverjs\node_modules\raw-body\index.js:163:17)
    at getRawBody (C:\xampp\htdocs\DOANNHOM1\serverjs\node_modules\raw-body\index.js:116:12)
    at read (C:\xampp\htdocs\DOANNHOM1\serverjs\node_modules\body-parser\lib\read.js:79:3)
    at jsonParser (C:\xampp\htdocs\DOANNHOM1\serverjs\node_modules\body-parser\lib\types\json.js:138:5)
    at Layer.handle [as handle_request] (C:\xampp\htdocs\DOANNHOM1\serverjs\node_modules\express\lib\router\layer.js:95:5)
    at trim_prefix (C:\xampp\htdocs\DOANNHOM1\serverjs\node_modules\express\lib\router\index.js:328:13)
    at C:\xampp\htdocs\DOANNHOM1\serverjs\node_modules\express\lib\router\index.js:286:9
    at Function.process_params (C:\xampp\htdocs\DOANNHOM1\serverjs\node_modules\express\lib\router\index.js:346:12)
    at next (C:\xampp\htdocs\DOANNHOM1\serverjs\node_modules\express\lib\router\index.js:280:10)
    at cors (C:\xampp\htdocs\DOANNHOM1\serverjs\node_modules\cors\lib\index.js:188:7)
2024-11-23T12:27:27.636Z [ERROR] - PayloadTooLargeError: request entity too large
    at readStream (C:\xampp\htdocs\DOANNHOM1\serverjs\node_modules\raw-body\index.js:163:17)
    at getRawBody (C:\xampp\htdocs\DOANNHOM1\serverjs\node_modules\raw-body\index.js:116:12)
    at read (C:\xampp\htdocs\DOANNHOM1\serverjs\node_modules\body-parser\lib\read.js:79:3)
    at jsonParser (C:\xampp\htdocs\DOANNHOM1\serverjs\node_modules\body-parser\lib\types\json.js:138:5)
    at Layer.handle [as handle_request] (C:\xampp\htdocs\DOANNHOM1\serverjs\node_modules\express\lib\router\layer.js:95:5)
    at trim_prefix (C:\xampp\htdocs\DOANNHOM1\serverjs\node_modules\express\lib\router\index.js:328:13)
    at C:\xampp\htdocs\DOANNHOM1\serverjs\node_modules\express\lib\router\index.js:286:9
    at Function.process_params (C:\xampp\htdocs\DOANNHOM1\serverjs\node_modules\express\lib\router\index.js:346:12)
    at next (C:\xampp\htdocs\DOANNHOM1\serverjs\node_modules\express\lib\router\index.js:280:10)
    at cors (C:\xampp\htdocs\DOANNHOM1\serverjs\node_modules\cors\lib\index.js:188:7)
2024-11-23T12:28:34.606Z [ERROR] - PayloadTooLargeError: request entity too large
    at readStream (C:\xampp\htdocs\DOANNHOM1\serverjs\node_modules\raw-body\index.js:163:17)
    at getRawBody (C:\xampp\htdocs\DOANNHOM1\serverjs\node_modules\raw-body\index.js:116:12)
    at read (C:\xampp\htdocs\DOANNHOM1\serverjs\node_modules\body-parser\lib\read.js:79:3)
    at jsonParser (C:\xampp\htdocs\DOANNHOM1\serverjs\node_modules\body-parser\lib\types\json.js:138:5)
    at Layer.handle [as handle_request] (C:\xampp\htdocs\DOANNHOM1\serverjs\node_modules\express\lib\router\layer.js:95:5)
    at trim_prefix (C:\xampp\htdocs\DOANNHOM1\serverjs\node_modules\express\lib\router\index.js:328:13)
    at C:\xampp\htdocs\DOANNHOM1\serverjs\node_modules\express\lib\router\index.js:286:9
    at Function.process_params (C:\xampp\htdocs\DOANNHOM1\serverjs\node_modules\express\lib\router\index.js:346:12)
    at next (C:\xampp\htdocs\DOANNHOM1\serverjs\node_modules\express\lib\router\index.js:280:10)
    at cors (C:\xampp\htdocs\DOANNHOM1\serverjs\node_modules\cors\lib\index.js:188:7)
2024-11-23T12:31:40.451Z [ERROR] - PayloadTooLargeError: request entity too large
    at readStream (C:\xampp\htdocs\DOANNHOM1\serverjs\node_modules\raw-body\index.js:163:17)
    at getRawBody (C:\xampp\htdocs\DOANNHOM1\serverjs\node_modules\raw-body\index.js:116:12)
    at read (C:\xampp\htdocs\DOANNHOM1\serverjs\node_modules\body-parser\lib\read.js:79:3)
    at jsonParser (C:\xampp\htdocs\DOANNHOM1\serverjs\node_modules\body-parser\lib\types\json.js:138:5)
    at Layer.handle [as handle_request] (C:\xampp\htdocs\DOANNHOM1\serverjs\node_modules\express\lib\router\layer.js:95:5)
    at trim_prefix (C:\xampp\htdocs\DOANNHOM1\serverjs\node_modules\express\lib\router\index.js:328:13)
    at C:\xampp\htdocs\DOANNHOM1\serverjs\node_modules\express\lib\router\index.js:286:9
    at Function.process_params (C:\xampp\htdocs\DOANNHOM1\serverjs\node_modules\express\lib\router\index.js:346:12)
    at next (C:\xampp\htdocs\DOANNHOM1\serverjs\node_modules\express\lib\router\index.js:280:10)
    at cors (C:\xampp\htdocs\DOANNHOM1\serverjs\node_modules\cors\lib\index.js:188:7)
2024-11-23T12:38:37.597Z [ERROR] - PayloadTooLargeError: request entity too large
    at readStream (C:\xampp\htdocs\DOANNHOM1\serverjs\node_modules\raw-body\index.js:163:17)
    at getRawBody (C:\xampp\htdocs\DOANNHOM1\serverjs\node_modules\raw-body\index.js:116:12)
    at read (C:\xampp\htdocs\DOANNHOM1\serverjs\node_modules\body-parser\lib\read.js:79:3)
    at jsonParser (C:\xampp\htdocs\DOANNHOM1\serverjs\node_modules\body-parser\lib\types\json.js:138:5)
    at Layer.handle [as handle_request] (C:\xampp\htdocs\DOANNHOM1\serverjs\node_modules\express\lib\router\layer.js:95:5)
    at trim_prefix (C:\xampp\htdocs\DOANNHOM1\serverjs\node_modules\express\lib\router\index.js:328:13)
    at C:\xampp\htdocs\DOANNHOM1\serverjs\node_modules\express\lib\router\index.js:286:9
    at Function.process_params (C:\xampp\htdocs\DOANNHOM1\serverjs\node_modules\express\lib\router\index.js:346:12)
    at next (C:\xampp\htdocs\DOANNHOM1\serverjs\node_modules\express\lib\router\index.js:280:10)
    at cors (C:\xampp\htdocs\DOANNHOM1\serverjs\node_modules\cors\lib\index.js:188:7)
2024-11-23T13:05:32.352Z [ERROR] - PayloadTooLargeError: request entity too large
    at readStream (C:\xampp\htdocs\DOANNHOM1\serverjs\node_modules\raw-body\index.js:163:17)
    at getRawBody (C:\xampp\htdocs\DOANNHOM1\serverjs\node_modules\raw-body\index.js:116:12)
    at read (C:\xampp\htdocs\DOANNHOM1\serverjs\node_modules\body-parser\lib\read.js:79:3)
    at jsonParser (C:\xampp\htdocs\DOANNHOM1\serverjs\node_modules\body-parser\lib\types\json.js:138:5)
    at Layer.handle [as handle_request] (C:\xampp\htdocs\DOANNHOM1\serverjs\node_modules\express\lib\router\layer.js:95:5)
    at trim_prefix (C:\xampp\htdocs\DOANNHOM1\serverjs\node_modules\express\lib\router\index.js:328:13)
    at C:\xampp\htdocs\DOANNHOM1\serverjs\node_modules\express\lib\router\index.js:286:9
    at Function.process_params (C:\xampp\htdocs\DOANNHOM1\serverjs\node_modules\express\lib\router\index.js:346:12)
    at next (C:\xampp\htdocs\DOANNHOM1\serverjs\node_modules\express\lib\router\index.js:280:10)
    at cors (C:\xampp\htdocs\DOANNHOM1\serverjs\node_modules\cors\lib\index.js:188:7)
2024-11-24T00:28:58.304Z [ERROR] - PayloadTooLargeError: request entity too large
    at readStream (C:\xampp\htdocs\DOANNHOM1\serverjs\node_modules\raw-body\index.js:163:17)
    at getRawBody (C:\xampp\htdocs\DOANNHOM1\serverjs\node_modules\raw-body\index.js:116:12)
    at read (C:\xampp\htdocs\DOANNHOM1\serverjs\node_modules\body-parser\lib\read.js:79:3)
    at jsonParser (C:\xampp\htdocs\DOANNHOM1\serverjs\node_modules\body-parser\lib\types\json.js:138:5)
    at Layer.handle [as handle_request] (C:\xampp\htdocs\DOANNHOM1\serverjs\node_modules\express\lib\router\layer.js:95:5)
    at trim_prefix (C:\xampp\htdocs\DOANNHOM1\serverjs\node_modules\express\lib\router\index.js:328:13)
    at C:\xampp\htdocs\DOANNHOM1\serverjs\node_modules\express\lib\router\index.js:286:9
    at Function.process_params (C:\xampp\htdocs\DOANNHOM1\serverjs\node_modules\express\lib\router\index.js:346:12)
    at next (C:\xampp\htdocs\DOANNHOM1\serverjs\node_modules\express\lib\router\index.js:280:10)
    at cors (C:\xampp\htdocs\DOANNHOM1\serverjs\node_modules\cors\lib\index.js:188:7)
2024-11-24T00:33:31.754Z [ERROR] - PayloadTooLargeError: request entity too large
    at readStream (C:\xampp\htdocs\DOANNHOM1\serverjs\node_modules\raw-body\index.js:163:17)
    at getRawBody (C:\xampp\htdocs\DOANNHOM1\serverjs\node_modules\raw-body\index.js:116:12)
    at read (C:\xampp\htdocs\DOANNHOM1\serverjs\node_modules\body-parser\lib\read.js:79:3)
    at jsonParser (C:\xampp\htdocs\DOANNHOM1\serverjs\node_modules\body-parser\lib\types\json.js:138:5)
    at Layer.handle [as handle_request] (C:\xampp\htdocs\DOANNHOM1\serverjs\node_modules\express\lib\router\layer.js:95:5)
    at trim_prefix (C:\xampp\htdocs\DOANNHOM1\serverjs\node_modules\express\lib\router\index.js:328:13)
    at C:\xampp\htdocs\DOANNHOM1\serverjs\node_modules\express\lib\router\index.js:286:9
    at Function.process_params (C:\xampp\htdocs\DOANNHOM1\serverjs\node_modules\express\lib\router\index.js:346:12)
    at next (C:\xampp\htdocs\DOANNHOM1\serverjs\node_modules\express\lib\router\index.js:280:10)
    at cors (C:\xampp\htdocs\DOANNHOM1\serverjs\node_modules\cors\lib\index.js:188:7)
2024-11-25T00:03:50.778Z [ERROR] - MongoServerSelectionError: getaddrinfo ENOTFOUND rentalsystem-shard-00-00.fkkfm.mongodb.net
    at Topology.selectServer (C:\xampp\htdocs\DOANNHOM1\serverjs\node_modules\mongodb\lib\sdam\topology.js:303:38)
    at async tryOperation (C:\xampp\htdocs\DOANNHOM1\serverjs\node_modules\mongodb\lib\operations\execute_operation.js:138:18)
    at async executeOperation (C:\xampp\htdocs\DOANNHOM1\serverjs\node_modules\mongodb\lib\operations\execute_operation.js:69:16)
    at async FindCursor._initialize (C:\xampp\htdocs\DOANNHOM1\serverjs\node_modules\mongodb\lib\cursor\find_cursor.js:51:26)
    at async FindCursor.cursorInit (C:\xampp\htdocs\DOANNHOM1\serverjs\node_modules\mongodb\lib\cursor\abstract_cursor.js:495:27)
    at async FindCursor.fetchBatch (C:\xampp\htdocs\DOANNHOM1\serverjs\node_modules\mongodb\lib\cursor\abstract_cursor.js:527:13)
    at async FindCursor.next (C:\xampp\htdocs\DOANNHOM1\serverjs\node_modules\mongodb\lib\cursor\abstract_cursor.js:239:13)
    at async Collection.findOne (C:\xampp\htdocs\DOANNHOM1\serverjs\node_modules\mongodb\lib\collection.js:274:21)
    at async model.Query._findOne (C:\xampp\htdocs\DOANNHOM1\serverjs\node_modules\mongoose\lib\query.js:2639:15)
    at async model.Query.exec (C:\xampp\htdocs\DOANNHOM1\serverjs\node_modules\mongoose\lib\query.js:4449:63)
2024-11-25T01:04:14.198Z [ERROR] - MulterError: Unexpected field
    at wrappedFileFilter (C:\xampp\htdocs\DOANNHOM1\serverjs\node_modules\multer\index.js:40:19)
    at Multipart.<anonymous> (C:\xampp\htdocs\DOANNHOM1\serverjs\node_modules\multer\lib\make-middleware.js:107:7)
    at Multipart.emit (node:events:518:28)
    at HeaderParser.cb (C:\xampp\htdocs\DOANNHOM1\serverjs\node_modules\busboy\lib\types\multipart.js:358:14)
    at HeaderParser.push (C:\xampp\htdocs\DOANNHOM1\serverjs\node_modules\busboy\lib\types\multipart.js:162:20)
    at SBMH.ssCb [as _cb] (C:\xampp\htdocs\DOANNHOM1\serverjs\node_modules\busboy\lib\types\multipart.js:394:37)
    at feed (C:\xampp\htdocs\DOANNHOM1\serverjs\node_modules\streamsearch\lib\sbmh.js:248:10)
    at SBMH.push (C:\xampp\htdocs\DOANNHOM1\serverjs\node_modules\streamsearch\lib\sbmh.js:104:16)
    at Multipart._write (C:\xampp\htdocs\DOANNHOM1\serverjs\node_modules\busboy\lib\types\multipart.js:567:19)
    at writeOrBuffer (node:internal/streams/writable:564:12)
2024-11-25T01:06:34.346Z [ERROR] - MulterError: Unexpected field
    at wrappedFileFilter (C:\xampp\htdocs\DOANNHOM1\serverjs\node_modules\multer\index.js:40:19)
    at Multipart.<anonymous> (C:\xampp\htdocs\DOANNHOM1\serverjs\node_modules\multer\lib\make-middleware.js:107:7)
    at Multipart.emit (node:events:518:28)
    at HeaderParser.cb (C:\xampp\htdocs\DOANNHOM1\serverjs\node_modules\busboy\lib\types\multipart.js:358:14)
    at HeaderParser.push (C:\xampp\htdocs\DOANNHOM1\serverjs\node_modules\busboy\lib\types\multipart.js:162:20)
    at SBMH.ssCb [as _cb] (C:\xampp\htdocs\DOANNHOM1\serverjs\node_modules\busboy\lib\types\multipart.js:394:37)
    at feed (C:\xampp\htdocs\DOANNHOM1\serverjs\node_modules\streamsearch\lib\sbmh.js:248:10)
    at SBMH.push (C:\xampp\htdocs\DOANNHOM1\serverjs\node_modules\streamsearch\lib\sbmh.js:104:16)
    at Multipart._write (C:\xampp\htdocs\DOANNHOM1\serverjs\node_modules\busboy\lib\types\multipart.js:567:19)
    at writeOrBuffer (node:internal/streams/writable:564:12)
2024-11-25T01:09:23.836Z [ERROR] - MulterError: Unexpected field
    at wrappedFileFilter (C:\xampp\htdocs\DOANNHOM1\serverjs\node_modules\multer\index.js:40:19)
    at Multipart.<anonymous> (C:\xampp\htdocs\DOANNHOM1\serverjs\node_modules\multer\lib\make-middleware.js:107:7)
    at Multipart.emit (node:events:518:28)
    at HeaderParser.cb (C:\xampp\htdocs\DOANNHOM1\serverjs\node_modules\busboy\lib\types\multipart.js:358:14)
    at HeaderParser.push (C:\xampp\htdocs\DOANNHOM1\serverjs\node_modules\busboy\lib\types\multipart.js:162:20)
    at SBMH.ssCb [as _cb] (C:\xampp\htdocs\DOANNHOM1\serverjs\node_modules\busboy\lib\types\multipart.js:394:37)
    at feed (C:\xampp\htdocs\DOANNHOM1\serverjs\node_modules\streamsearch\lib\sbmh.js:248:10)
    at SBMH.push (C:\xampp\htdocs\DOANNHOM1\serverjs\node_modules\streamsearch\lib\sbmh.js:104:16)
    at Multipart._write (C:\xampp\htdocs\DOANNHOM1\serverjs\node_modules\busboy\lib\types\multipart.js:567:19)
    at writeOrBuffer (node:internal/streams/writable:564:12)
2024-11-30T01:58:33.247Z [ERROR] - Error: Configuration property "vnp_TmnCode" is not defined
    at Config.get (C:\xampp\htdocs\DOANNHOM1\serverjs\node_modules\config\lib\config.js:181:11)
    at C:\xampp\htdocs\DOANNHOM1\serverjs\src\routers\vnPayRoute.js:44:24
    at Layer.handle [as handle_request] (C:\xampp\htdocs\DOANNHOM1\serverjs\node_modules\express\lib\router\layer.js:95:5)
    at next (C:\xampp\htdocs\DOANNHOM1\serverjs\node_modules\express\lib\router\route.js:149:13)
    at Route.dispatch (C:\xampp\htdocs\DOANNHOM1\serverjs\node_modules\express\lib\router\route.js:119:3)
    at Layer.handle [as handle_request] (C:\xampp\htdocs\DOANNHOM1\serverjs\node_modules\express\lib\router\layer.js:95:5)
    at C:\xampp\htdocs\DOANNHOM1\serverjs\node_modules\express\lib\router\index.js:284:15
    at Function.process_params (C:\xampp\htdocs\DOANNHOM1\serverjs\node_modules\express\lib\router\index.js:346:12)
    at next (C:\xampp\htdocs\DOANNHOM1\serverjs\node_modules\express\lib\router\index.js:280:10)
    at Function.handle (C:\xampp\htdocs\DOANNHOM1\serverjs\node_modules\express\lib\router\index.js:175:3)
2024-11-30T02:27:50.907Z [ERROR] - Error: Configuration property "vnp_TmnCode" is not defined
    at Config.get (C:\xampp\htdocs\DOANNHOM1\serverjs\node_modules\config\lib\config.js:181:11)
    at C:\xampp\htdocs\DOANNHOM1\serverjs\src\routers\vnPayRoute.js:44:24
    at Layer.handle [as handle_request] (C:\xampp\htdocs\DOANNHOM1\serverjs\node_modules\express\lib\router\layer.js:95:5)
    at next (C:\xampp\htdocs\DOANNHOM1\serverjs\node_modules\express\lib\router\route.js:149:13)
    at Route.dispatch (C:\xampp\htdocs\DOANNHOM1\serverjs\node_modules\express\lib\router\route.js:119:3)
    at Layer.handle [as handle_request] (C:\xampp\htdocs\DOANNHOM1\serverjs\node_modules\express\lib\router\layer.js:95:5)
    at C:\xampp\htdocs\DOANNHOM1\serverjs\node_modules\express\lib\router\index.js:284:15
    at Function.process_params (C:\xampp\htdocs\DOANNHOM1\serverjs\node_modules\express\lib\router\index.js:346:12)
    at next (C:\xampp\htdocs\DOANNHOM1\serverjs\node_modules\express\lib\router\index.js:280:10)
    at Function.handle (C:\xampp\htdocs\DOANNHOM1\serverjs\node_modules\express\lib\router\index.js:175:3)
2024-11-30T03:00:17.570Z [ERROR] - Error: Configuration property "vnp_TmnCode" is not defined
    at Config.get (C:\xampp\htdocs\DOANNHOM1\serverjs\node_modules\config\lib\config.js:181:11)
    at C:\xampp\htdocs\DOANNHOM1\serverjs\src\routers\vnPayRoute.js:44:24
    at Layer.handle [as handle_request] (C:\xampp\htdocs\DOANNHOM1\serverjs\node_modules\express\lib\router\layer.js:95:5)
    at next (C:\xampp\htdocs\DOANNHOM1\serverjs\node_modules\express\lib\router\route.js:149:13)
    at Route.dispatch (C:\xampp\htdocs\DOANNHOM1\serverjs\node_modules\express\lib\router\route.js:119:3)
    at Layer.handle [as handle_request] (C:\xampp\htdocs\DOANNHOM1\serverjs\node_modules\express\lib\router\layer.js:95:5)
    at C:\xampp\htdocs\DOANNHOM1\serverjs\node_modules\express\lib\router\index.js:284:15
    at Function.process_params (C:\xampp\htdocs\DOANNHOM1\serverjs\node_modules\express\lib\router\index.js:346:12)
    at next (C:\xampp\htdocs\DOANNHOM1\serverjs\node_modules\express\lib\router\index.js:280:10)
    at Function.handle (C:\xampp\htdocs\DOANNHOM1\serverjs\node_modules\express\lib\router\index.js:175:3)
2024-11-30T03:18:10.576Z [ERROR] - Error: Configuration property "vnp_TmnCode" is not defined
    at Config.get (C:\xampp\htdocs\DOANNHOM1\serverjs\node_modules\config\lib\config.js:181:11)
    at C:\xampp\htdocs\DOANNHOM1\serverjs\src\routers\vnPayRoute.js:44:24
    at Layer.handle [as handle_request] (C:\xampp\htdocs\DOANNHOM1\serverjs\node_modules\express\lib\router\layer.js:95:5)
    at next (C:\xampp\htdocs\DOANNHOM1\serverjs\node_modules\express\lib\router\route.js:149:13)
    at Route.dispatch (C:\xampp\htdocs\DOANNHOM1\serverjs\node_modules\express\lib\router\route.js:119:3)
    at Layer.handle [as handle_request] (C:\xampp\htdocs\DOANNHOM1\serverjs\node_modules\express\lib\router\layer.js:95:5)
    at C:\xampp\htdocs\DOANNHOM1\serverjs\node_modules\express\lib\router\index.js:284:15
    at Function.process_params (C:\xampp\htdocs\DOANNHOM1\serverjs\node_modules\express\lib\router\index.js:346:12)
    at next (C:\xampp\htdocs\DOANNHOM1\serverjs\node_modules\express\lib\router\index.js:280:10)
    at Function.handle (C:\xampp\htdocs\DOANNHOM1\serverjs\node_modules\express\lib\router\index.js:175:3)
2024-11-30T04:00:18.570Z [ERROR] - Error: Configuration property "vnp_TmnCode" is not defined
    at Config.get (C:\xampp\htdocs\DOANNHOM1\serverjs\node_modules\config\lib\config.js:181:11)
    at C:\xampp\htdocs\DOANNHOM1\serverjs\src\routers\vnPayRoute.js:44:24
    at Layer.handle [as handle_request] (C:\xampp\htdocs\DOANNHOM1\serverjs\node_modules\express\lib\router\layer.js:95:5)
    at next (C:\xampp\htdocs\DOANNHOM1\serverjs\node_modules\express\lib\router\route.js:149:13)
    at Route.dispatch (C:\xampp\htdocs\DOANNHOM1\serverjs\node_modules\express\lib\router\route.js:119:3)
    at Layer.handle [as handle_request] (C:\xampp\htdocs\DOANNHOM1\serverjs\node_modules\express\lib\router\layer.js:95:5)
    at C:\xampp\htdocs\DOANNHOM1\serverjs\node_modules\express\lib\router\index.js:284:15
    at Function.process_params (C:\xampp\htdocs\DOANNHOM1\serverjs\node_modules\express\lib\router\index.js:346:12)
    at next (C:\xampp\htdocs\DOANNHOM1\serverjs\node_modules\express\lib\router\index.js:280:10)
    at Function.handle (C:\xampp\htdocs\DOANNHOM1\serverjs\node_modules\express\lib\router\index.js:175:3)
2024-11-30T04:01:05.719Z [ERROR] - Error: Configuration property "vnp_TmnCode" is not defined
    at Config.get (C:\xampp\htdocs\DOANNHOM1\serverjs\node_modules\config\lib\config.js:181:11)
    at C:\xampp\htdocs\DOANNHOM1\serverjs\src\routers\vnPayRoute.js:44:24
    at Layer.handle [as handle_request] (C:\xampp\htdocs\DOANNHOM1\serverjs\node_modules\express\lib\router\layer.js:95:5)
    at next (C:\xampp\htdocs\DOANNHOM1\serverjs\node_modules\express\lib\router\route.js:149:13)
    at Route.dispatch (C:\xampp\htdocs\DOANNHOM1\serverjs\node_modules\express\lib\router\route.js:119:3)
    at Layer.handle [as handle_request] (C:\xampp\htdocs\DOANNHOM1\serverjs\node_modules\express\lib\router\layer.js:95:5)
    at C:\xampp\htdocs\DOANNHOM1\serverjs\node_modules\express\lib\router\index.js:284:15
    at Function.process_params (C:\xampp\htdocs\DOANNHOM1\serverjs\node_modules\express\lib\router\index.js:346:12)
    at next (C:\xampp\htdocs\DOANNHOM1\serverjs\node_modules\express\lib\router\index.js:280:10)
    at Function.handle (C:\xampp\htdocs\DOANNHOM1\serverjs\node_modules\express\lib\router\index.js:175:3)
2024-11-30T04:01:20.603Z [ERROR] - Error: Configuration property "vnp_TmnCode" is not defined
    at Config.get (C:\xampp\htdocs\DOANNHOM1\serverjs\node_modules\config\lib\config.js:181:11)
    at C:\xampp\htdocs\DOANNHOM1\serverjs\src\routers\vnPayRoute.js:44:24
    at Layer.handle [as handle_request] (C:\xampp\htdocs\DOANNHOM1\serverjs\node_modules\express\lib\router\layer.js:95:5)
    at next (C:\xampp\htdocs\DOANNHOM1\serverjs\node_modules\express\lib\router\route.js:149:13)
    at Route.dispatch (C:\xampp\htdocs\DOANNHOM1\serverjs\node_modules\express\lib\router\route.js:119:3)
    at Layer.handle [as handle_request] (C:\xampp\htdocs\DOANNHOM1\serverjs\node_modules\express\lib\router\layer.js:95:5)
    at C:\xampp\htdocs\DOANNHOM1\serverjs\node_modules\express\lib\router\index.js:284:15
    at Function.process_params (C:\xampp\htdocs\DOANNHOM1\serverjs\node_modules\express\lib\router\index.js:346:12)
    at next (C:\xampp\htdocs\DOANNHOM1\serverjs\node_modules\express\lib\router\index.js:280:10)
    at Function.handle (C:\xampp\htdocs\DOANNHOM1\serverjs\node_modules\express\lib\router\index.js:175:3)
2024-11-30T04:02:21.880Z [ERROR] - Error: Configuration property "vnp_TmnCode" is not defined
    at Config.get (C:\xampp\htdocs\DOANNHOM1\serverjs\node_modules\config\lib\config.js:181:11)
    at C:\xampp\htdocs\DOANNHOM1\serverjs\src\routers\vnPayRoute.js:44:24
    at Layer.handle [as handle_request] (C:\xampp\htdocs\DOANNHOM1\serverjs\node_modules\express\lib\router\layer.js:95:5)
    at next (C:\xampp\htdocs\DOANNHOM1\serverjs\node_modules\express\lib\router\route.js:149:13)
    at Route.dispatch (C:\xampp\htdocs\DOANNHOM1\serverjs\node_modules\express\lib\router\route.js:119:3)
    at Layer.handle [as handle_request] (C:\xampp\htdocs\DOANNHOM1\serverjs\node_modules\express\lib\router\layer.js:95:5)
    at C:\xampp\htdocs\DOANNHOM1\serverjs\node_modules\express\lib\router\index.js:284:15
    at Function.process_params (C:\xampp\htdocs\DOANNHOM1\serverjs\node_modules\express\lib\router\index.js:346:12)
    at next (C:\xampp\htdocs\DOANNHOM1\serverjs\node_modules\express\lib\router\index.js:280:10)
    at Function.handle (C:\xampp\htdocs\DOANNHOM1\serverjs\node_modules\express\lib\router\index.js:175:3)
2024-11-30T04:09:03.727Z [ERROR] - Error: Configuration property "vnp_TmnCode" is not defined
    at Config.get (C:\xampp\htdocs\DOANNHOM1\serverjs\node_modules\config\lib\config.js:181:11)
    at C:\xampp\htdocs\DOANNHOM1\serverjs\src\routers\vnPayRoute.js:44:24
    at Layer.handle [as handle_request] (C:\xampp\htdocs\DOANNHOM1\serverjs\node_modules\express\lib\router\layer.js:95:5)
    at next (C:\xampp\htdocs\DOANNHOM1\serverjs\node_modules\express\lib\router\route.js:149:13)
    at Route.dispatch (C:\xampp\htdocs\DOANNHOM1\serverjs\node_modules\express\lib\router\route.js:119:3)
    at Layer.handle [as handle_request] (C:\xampp\htdocs\DOANNHOM1\serverjs\node_modules\express\lib\router\layer.js:95:5)
    at C:\xampp\htdocs\DOANNHOM1\serverjs\node_modules\express\lib\router\index.js:284:15
    at Function.process_params (C:\xampp\htdocs\DOANNHOM1\serverjs\node_modules\express\lib\router\index.js:346:12)
    at next (C:\xampp\htdocs\DOANNHOM1\serverjs\node_modules\express\lib\router\index.js:280:10)
    at Function.handle (C:\xampp\htdocs\DOANNHOM1\serverjs\node_modules\express\lib\router\index.js:175:3)
2024-11-30T04:09:18.705Z [ERROR] - Error: Configuration property "vnp_TmnCode" is not defined
    at Config.get (C:\xampp\htdocs\DOANNHOM1\serverjs\node_modules\config\lib\config.js:181:11)
    at C:\xampp\htdocs\DOANNHOM1\serverjs\src\routers\vnPayRoute.js:44:24
    at Layer.handle [as handle_request] (C:\xampp\htdocs\DOANNHOM1\serverjs\node_modules\express\lib\router\layer.js:95:5)
    at next (C:\xampp\htdocs\DOANNHOM1\serverjs\node_modules\express\lib\router\route.js:149:13)
    at Route.dispatch (C:\xampp\htdocs\DOANNHOM1\serverjs\node_modules\express\lib\router\route.js:119:3)
    at Layer.handle [as handle_request] (C:\xampp\htdocs\DOANNHOM1\serverjs\node_modules\express\lib\router\layer.js:95:5)
    at C:\xampp\htdocs\DOANNHOM1\serverjs\node_modules\express\lib\router\index.js:284:15
    at Function.process_params (C:\xampp\htdocs\DOANNHOM1\serverjs\node_modules\express\lib\router\index.js:346:12)
    at next (C:\xampp\htdocs\DOANNHOM1\serverjs\node_modules\express\lib\router\index.js:280:10)
    at Function.handle (C:\xampp\htdocs\DOANNHOM1\serverjs\node_modules\express\lib\router\index.js:175:3)
2024-11-30T04:09:52.772Z [ERROR] - TypeError: config.get is not a function
    at C:\xampp\htdocs\DOANNHOM1\serverjs\src\routers\vnPayRoute.js:42:24
    at Layer.handle [as handle_request] (C:\xampp\htdocs\DOANNHOM1\serverjs\node_modules\express\lib\router\layer.js:95:5)
    at next (C:\xampp\htdocs\DOANNHOM1\serverjs\node_modules\express\lib\router\route.js:149:13)
    at Route.dispatch (C:\xampp\htdocs\DOANNHOM1\serverjs\node_modules\express\lib\router\route.js:119:3)
    at Layer.handle [as handle_request] (C:\xampp\htdocs\DOANNHOM1\serverjs\node_modules\express\lib\router\layer.js:95:5)
    at C:\xampp\htdocs\DOANNHOM1\serverjs\node_modules\express\lib\router\index.js:284:15
    at Function.process_params (C:\xampp\htdocs\DOANNHOM1\serverjs\node_modules\express\lib\router\index.js:346:12)
    at next (C:\xampp\htdocs\DOANNHOM1\serverjs\node_modules\express\lib\router\index.js:280:10)
    at Function.handle (C:\xampp\htdocs\DOANNHOM1\serverjs\node_modules\express\lib\router\index.js:175:3)
    at router (C:\xampp\htdocs\DOANNHOM1\serverjs\node_modules\express\lib\router\index.js:47:12)
2024-11-30T04:15:14.922Z [ERROR] - TypeError: config.get is not a function
    at C:\xampp\htdocs\DOANNHOM1\serverjs\src\routers\vnPayRoute.js:46:24
    at Layer.handle [as handle_request] (C:\xampp\htdocs\DOANNHOM1\serverjs\node_modules\express\lib\router\layer.js:95:5)
    at next (C:\xampp\htdocs\DOANNHOM1\serverjs\node_modules\express\lib\router\route.js:149:13)
    at Route.dispatch (C:\xampp\htdocs\DOANNHOM1\serverjs\node_modules\express\lib\router\route.js:119:3)
    at Layer.handle [as handle_request] (C:\xampp\htdocs\DOANNHOM1\serverjs\node_modules\express\lib\router\layer.js:95:5)
    at C:\xampp\htdocs\DOANNHOM1\serverjs\node_modules\express\lib\router\index.js:284:15
    at Function.process_params (C:\xampp\htdocs\DOANNHOM1\serverjs\node_modules\express\lib\router\index.js:346:12)
    at next (C:\xampp\htdocs\DOANNHOM1\serverjs\node_modules\express\lib\router\index.js:280:10)
    at Function.handle (C:\xampp\htdocs\DOANNHOM1\serverjs\node_modules\express\lib\router\index.js:175:3)
    at router (C:\xampp\htdocs\DOANNHOM1\serverjs\node_modules\express\lib\router\index.js:47:12)
2024-11-30T04:15:50.004Z [ERROR] - TypeError: config.get is not a function
    at C:\xampp\htdocs\DOANNHOM1\serverjs\src\routers\vnPayRoute.js:46:24
    at Layer.handle [as handle_request] (C:\xampp\htdocs\DOANNHOM1\serverjs\node_modules\express\lib\router\layer.js:95:5)
    at next (C:\xampp\htdocs\DOANNHOM1\serverjs\node_modules\express\lib\router\route.js:149:13)
    at Route.dispatch (C:\xampp\htdocs\DOANNHOM1\serverjs\node_modules\express\lib\router\route.js:119:3)
    at Layer.handle [as handle_request] (C:\xampp\htdocs\DOANNHOM1\serverjs\node_modules\express\lib\router\layer.js:95:5)
    at C:\xampp\htdocs\DOANNHOM1\serverjs\node_modules\express\lib\router\index.js:284:15
    at Function.process_params (C:\xampp\htdocs\DOANNHOM1\serverjs\node_modules\express\lib\router\index.js:346:12)
    at next (C:\xampp\htdocs\DOANNHOM1\serverjs\node_modules\express\lib\router\index.js:280:10)
    at Function.handle (C:\xampp\htdocs\DOANNHOM1\serverjs\node_modules\express\lib\router\index.js:175:3)
    at router (C:\xampp\htdocs\DOANNHOM1\serverjs\node_modules\express\lib\router\index.js:47:12)
2024-11-30T04:17:45.566Z [ERROR] - TypeError: config.get is not a function
    at C:\xampp\htdocs\DOANNHOM1\serverjs\src\routers\vnPayRoute.js:46:24
    at Layer.handle [as handle_request] (C:\xampp\htdocs\DOANNHOM1\serverjs\node_modules\express\lib\router\layer.js:95:5)
    at next (C:\xampp\htdocs\DOANNHOM1\serverjs\node_modules\express\lib\router\route.js:149:13)
    at Route.dispatch (C:\xampp\htdocs\DOANNHOM1\serverjs\node_modules\express\lib\router\route.js:119:3)
    at Layer.handle [as handle_request] (C:\xampp\htdocs\DOANNHOM1\serverjs\node_modules\express\lib\router\layer.js:95:5)
    at C:\xampp\htdocs\DOANNHOM1\serverjs\node_modules\express\lib\router\index.js:284:15
    at Function.process_params (C:\xampp\htdocs\DOANNHOM1\serverjs\node_modules\express\lib\router\index.js:346:12)
    at next (C:\xampp\htdocs\DOANNHOM1\serverjs\node_modules\express\lib\router\index.js:280:10)
    at Function.handle (C:\xampp\htdocs\DOANNHOM1\serverjs\node_modules\express\lib\router\index.js:175:3)
    at router (C:\xampp\htdocs\DOANNHOM1\serverjs\node_modules\express\lib\router\index.js:47:12)
2024-11-30T04:33:20.844Z [ERROR] - Error: Configuration property "vnp_TmnCode" is not defined
    at Config.get (C:\xampp\htdocs\DOANNHOM1\serverjs\node_modules\config\lib\config.js:181:11)
    at C:\xampp\htdocs\DOANNHOM1\serverjs\src\routers\vnPayRoute.js:47:24
    at Layer.handle [as handle_request] (C:\xampp\htdocs\DOANNHOM1\serverjs\node_modules\express\lib\router\layer.js:95:5)
    at next (C:\xampp\htdocs\DOANNHOM1\serverjs\node_modules\express\lib\router\route.js:149:13)
    at Route.dispatch (C:\xampp\htdocs\DOANNHOM1\serverjs\node_modules\express\lib\router\route.js:119:3)
    at Layer.handle [as handle_request] (C:\xampp\htdocs\DOANNHOM1\serverjs\node_modules\express\lib\router\layer.js:95:5)
    at C:\xampp\htdocs\DOANNHOM1\serverjs\node_modules\express\lib\router\index.js:284:15
    at Function.process_params (C:\xampp\htdocs\DOANNHOM1\serverjs\node_modules\express\lib\router\index.js:346:12)
    at next (C:\xampp\htdocs\DOANNHOM1\serverjs\node_modules\express\lib\router\index.js:280:10)
    at Function.handle (C:\xampp\htdocs\DOANNHOM1\serverjs\node_modules\express\lib\router\index.js:175:3)
2024-11-30T04:36:22.661Z [ERROR] - Error: Configuration property "vnp_TmnCode" is not defined
    at Config.get (C:\xampp\htdocs\DOANNHOM1\serverjs\node_modules\config\lib\config.js:181:11)
    at C:\xampp\htdocs\DOANNHOM1\serverjs\src\routers\vnPayRoute.js:47:24
    at Layer.handle [as handle_request] (C:\xampp\htdocs\DOANNHOM1\serverjs\node_modules\express\lib\router\layer.js:95:5)
    at next (C:\xampp\htdocs\DOANNHOM1\serverjs\node_modules\express\lib\router\route.js:149:13)
    at Route.dispatch (C:\xampp\htdocs\DOANNHOM1\serverjs\node_modules\express\lib\router\route.js:119:3)
    at Layer.handle [as handle_request] (C:\xampp\htdocs\DOANNHOM1\serverjs\node_modules\express\lib\router\layer.js:95:5)
    at C:\xampp\htdocs\DOANNHOM1\serverjs\node_modules\express\lib\router\index.js:284:15
    at Function.process_params (C:\xampp\htdocs\DOANNHOM1\serverjs\node_modules\express\lib\router\index.js:346:12)
    at next (C:\xampp\htdocs\DOANNHOM1\serverjs\node_modules\express\lib\router\index.js:280:10)
    at Function.handle (C:\xampp\htdocs\DOANNHOM1\serverjs\node_modules\express\lib\router\index.js:175:3)
2024-11-30T04:43:09.459Z [ERROR] - Error: Configuration property "vnp_TmnCode" is not defined
    at Config.get (C:\xampp\htdocs\DOANNHOM1\serverjs\node_modules\config\lib\config.js:181:11)
    at C:\xampp\htdocs\DOANNHOM1\serverjs\src\routers\order.js:47:24
    at Layer.handle [as handle_request] (C:\xampp\htdocs\DOANNHOM1\serverjs\node_modules\express\lib\router\layer.js:95:5)
    at next (C:\xampp\htdocs\DOANNHOM1\serverjs\node_modules\express\lib\router\route.js:149:13)
    at Route.dispatch (C:\xampp\htdocs\DOANNHOM1\serverjs\node_modules\express\lib\router\route.js:119:3)
    at Layer.handle [as handle_request] (C:\xampp\htdocs\DOANNHOM1\serverjs\node_modules\express\lib\router\layer.js:95:5)
    at C:\xampp\htdocs\DOANNHOM1\serverjs\node_modules\express\lib\router\index.js:284:15
    at Function.process_params (C:\xampp\htdocs\DOANNHOM1\serverjs\node_modules\express\lib\router\index.js:346:12)
    at next (C:\xampp\htdocs\DOANNHOM1\serverjs\node_modules\express\lib\router\index.js:280:10)
    at Function.handle (C:\xampp\htdocs\DOANNHOM1\serverjs\node_modules\express\lib\router\index.js:175:3)
2024-11-30T04:43:12.525Z [ERROR] - Error: Configuration property "vnp_TmnCode" is not defined
    at Config.get (C:\xampp\htdocs\DOANNHOM1\serverjs\node_modules\config\lib\config.js:181:11)
    at C:\xampp\htdocs\DOANNHOM1\serverjs\src\routers\order.js:47:24
    at Layer.handle [as handle_request] (C:\xampp\htdocs\DOANNHOM1\serverjs\node_modules\express\lib\router\layer.js:95:5)
    at next (C:\xampp\htdocs\DOANNHOM1\serverjs\node_modules\express\lib\router\route.js:149:13)
    at Route.dispatch (C:\xampp\htdocs\DOANNHOM1\serverjs\node_modules\express\lib\router\route.js:119:3)
    at Layer.handle [as handle_request] (C:\xampp\htdocs\DOANNHOM1\serverjs\node_modules\express\lib\router\layer.js:95:5)
    at C:\xampp\htdocs\DOANNHOM1\serverjs\node_modules\express\lib\router\index.js:284:15
    at Function.process_params (C:\xampp\htdocs\DOANNHOM1\serverjs\node_modules\express\lib\router\index.js:346:12)
    at next (C:\xampp\htdocs\DOANNHOM1\serverjs\node_modules\express\lib\router\index.js:280:10)
    at Function.handle (C:\xampp\htdocs\DOANNHOM1\serverjs\node_modules\express\lib\router\index.js:175:3)
2024-11-30T04:47:12.173Z [ERROR] - Error: Configuration property "vnp_TmnCode" is not defined
    at Config.get (C:\xampp\htdocs\DOANNHOM1\serverjs\node_modules\config\lib\config.js:181:11)
    at C:\xampp\htdocs\DOANNHOM1\serverjs\src\routers\order.js:33:26
    at Layer.handle [as handle_request] (C:\xampp\htdocs\DOANNHOM1\serverjs\node_modules\express\lib\router\layer.js:95:5)
    at next (C:\xampp\htdocs\DOANNHOM1\serverjs\node_modules\express\lib\router\route.js:149:13)
    at Route.dispatch (C:\xampp\htdocs\DOANNHOM1\serverjs\node_modules\express\lib\router\route.js:119:3)
    at Layer.handle [as handle_request] (C:\xampp\htdocs\DOANNHOM1\serverjs\node_modules\express\lib\router\layer.js:95:5)
    at C:\xampp\htdocs\DOANNHOM1\serverjs\node_modules\express\lib\router\index.js:284:15
    at Function.process_params (C:\xampp\htdocs\DOANNHOM1\serverjs\node_modules\express\lib\router\index.js:346:12)
    at next (C:\xampp\htdocs\DOANNHOM1\serverjs\node_modules\express\lib\router\index.js:280:10)
    at Function.handle (C:\xampp\htdocs\DOANNHOM1\serverjs\node_modules\express\lib\router\index.js:175:3)
2024-11-30T04:48:40.839Z [ERROR] - Error: Configuration property "vnp_TmnCode" is not defined
    at Config.get (C:\xampp\htdocs\DOANNHOM1\serverjs\node_modules\config\lib\config.js:181:11)
    at C:\xampp\htdocs\DOANNHOM1\serverjs\src\routers\order.js:33:26
    at Layer.handle [as handle_request] (C:\xampp\htdocs\DOANNHOM1\serverjs\node_modules\express\lib\router\layer.js:95:5)
    at next (C:\xampp\htdocs\DOANNHOM1\serverjs\node_modules\express\lib\router\route.js:149:13)
    at Route.dispatch (C:\xampp\htdocs\DOANNHOM1\serverjs\node_modules\express\lib\router\route.js:119:3)
    at Layer.handle [as handle_request] (C:\xampp\htdocs\DOANNHOM1\serverjs\node_modules\express\lib\router\layer.js:95:5)
    at C:\xampp\htdocs\DOANNHOM1\serverjs\node_modules\express\lib\router\index.js:284:15
    at Function.process_params (C:\xampp\htdocs\DOANNHOM1\serverjs\node_modules\express\lib\router\index.js:346:12)
    at next (C:\xampp\htdocs\DOANNHOM1\serverjs\node_modules\express\lib\router\index.js:280:10)
    at Function.handle (C:\xampp\htdocs\DOANNHOM1\serverjs\node_modules\express\lib\router\index.js:175:3)
2024-12-04T07:49:05.297Z [ERROR] - MulterError: Unexpected field
    at wrappedFileFilter (C:\xampp\htdocs\DOANNHOM1\serverjs\node_modules\multer\index.js:40:19)
    at Multipart.<anonymous> (C:\xampp\htdocs\DOANNHOM1\serverjs\node_modules\multer\lib\make-middleware.js:107:7)
    at Multipart.emit (node:events:518:28)
    at HeaderParser.cb (C:\xampp\htdocs\DOANNHOM1\serverjs\node_modules\busboy\lib\types\multipart.js:358:14)
    at HeaderParser.push (C:\xampp\htdocs\DOANNHOM1\serverjs\node_modules\busboy\lib\types\multipart.js:162:20)
    at SBMH.ssCb [as _cb] (C:\xampp\htdocs\DOANNHOM1\serverjs\node_modules\busboy\lib\types\multipart.js:394:37)
    at feed (C:\xampp\htdocs\DOANNHOM1\serverjs\node_modules\streamsearch\lib\sbmh.js:248:10)
    at SBMH.push (C:\xampp\htdocs\DOANNHOM1\serverjs\node_modules\streamsearch\lib\sbmh.js:104:16)
    at Multipart._write (C:\xampp\htdocs\DOANNHOM1\serverjs\node_modules\busboy\lib\types\multipart.js:567:19)
    at writeOrBuffer (node:internal/streams/writable:564:12)
2024-12-04T07:55:18.871Z [ERROR] - MulterError: Unexpected field
    at wrappedFileFilter (C:\xampp\htdocs\DOANNHOM1\serverjs\node_modules\multer\index.js:40:19)
    at Multipart.<anonymous> (C:\xampp\htdocs\DOANNHOM1\serverjs\node_modules\multer\lib\make-middleware.js:107:7)
    at Multipart.emit (node:events:518:28)
    at HeaderParser.cb (C:\xampp\htdocs\DOANNHOM1\serverjs\node_modules\busboy\lib\types\multipart.js:358:14)
    at HeaderParser.push (C:\xampp\htdocs\DOANNHOM1\serverjs\node_modules\busboy\lib\types\multipart.js:162:20)
    at SBMH.ssCb [as _cb] (C:\xampp\htdocs\DOANNHOM1\serverjs\node_modules\busboy\lib\types\multipart.js:394:37)
    at feed (C:\xampp\htdocs\DOANNHOM1\serverjs\node_modules\streamsearch\lib\sbmh.js:248:10)
    at SBMH.push (C:\xampp\htdocs\DOANNHOM1\serverjs\node_modules\streamsearch\lib\sbmh.js:104:16)
    at Multipart._write (C:\xampp\htdocs\DOANNHOM1\serverjs\node_modules\busboy\lib\types\multipart.js:567:19)
    at writeOrBuffer (node:internal/streams/writable:564:12)
2024-12-04T07:55:46.206Z [ERROR] - MulterError: Unexpected field
    at wrappedFileFilter (C:\xampp\htdocs\DOANNHOM1\serverjs\node_modules\multer\index.js:40:19)
    at Multipart.<anonymous> (C:\xampp\htdocs\DOANNHOM1\serverjs\node_modules\multer\lib\make-middleware.js:107:7)
    at Multipart.emit (node:events:518:28)
    at HeaderParser.cb (C:\xampp\htdocs\DOANNHOM1\serverjs\node_modules\busboy\lib\types\multipart.js:358:14)
    at HeaderParser.push (C:\xampp\htdocs\DOANNHOM1\serverjs\node_modules\busboy\lib\types\multipart.js:162:20)
    at SBMH.ssCb [as _cb] (C:\xampp\htdocs\DOANNHOM1\serverjs\node_modules\busboy\lib\types\multipart.js:394:37)
    at feed (C:\xampp\htdocs\DOANNHOM1\serverjs\node_modules\streamsearch\lib\sbmh.js:248:10)
    at SBMH.push (C:\xampp\htdocs\DOANNHOM1\serverjs\node_modules\streamsearch\lib\sbmh.js:104:16)
    at Multipart._write (C:\xampp\htdocs\DOANNHOM1\serverjs\node_modules\busboy\lib\types\multipart.js:567:19)
    at writeOrBuffer (node:internal/streams/writable:564:12)
2024-12-04T07:56:02.878Z [ERROR] - MulterError: Unexpected field
    at wrappedFileFilter (C:\xampp\htdocs\DOANNHOM1\serverjs\node_modules\multer\index.js:40:19)
    at Multipart.<anonymous> (C:\xampp\htdocs\DOANNHOM1\serverjs\node_modules\multer\lib\make-middleware.js:107:7)
    at Multipart.emit (node:events:518:28)
    at HeaderParser.cb (C:\xampp\htdocs\DOANNHOM1\serverjs\node_modules\busboy\lib\types\multipart.js:358:14)
    at HeaderParser.push (C:\xampp\htdocs\DOANNHOM1\serverjs\node_modules\busboy\lib\types\multipart.js:162:20)
    at SBMH.ssCb [as _cb] (C:\xampp\htdocs\DOANNHOM1\serverjs\node_modules\busboy\lib\types\multipart.js:394:37)
    at feed (C:\xampp\htdocs\DOANNHOM1\serverjs\node_modules\streamsearch\lib\sbmh.js:248:10)
    at SBMH.push (C:\xampp\htdocs\DOANNHOM1\serverjs\node_modules\streamsearch\lib\sbmh.js:104:16)
    at Multipart._write (C:\xampp\htdocs\DOANNHOM1\serverjs\node_modules\busboy\lib\types\multipart.js:567:19)
    at writeOrBuffer (node:internal/streams/writable:564:12)
